<?xml version="1.0" encoding="UTF-8"?>
<!-- Generated by org.testng.reporters.JUnitReportReporter -->
<testsuite hostname="DESKTOP-A2L4RGV" failures="0" tests="1" name="jenkinsPractice.practice" time="4.691" errors="0" timestamp="2022-12-26T22:09:19 IST" skipped="0">
  <testcase classname="jenkinsPractice.practice" name="jenTest3" time="4.691"/>
  <system-out/>
</testsuite> <!-- jenkinsPractice.practice -->
