<?xml version="1.0" encoding="UTF-8"?>
<!-- Generated by org.testng.reporters.JUnitReportReporter -->
<testsuite hostname="DESKTOP-A2L4RGV" failures="0" tests="2" name="jenkinsPractice.practice1" time="11.121" errors="0" timestamp="2022-12-21T22:04:42 IST" skipped="0">
  <testcase classname="jenkinsPractice.practice1" name="jenTest4" time="5.538"/>
  <system-out/>
  <testcase classname="jenkinsPractice.practice1" name="jenTest5" time="5.583"/>
  <system-out/>
</testsuite> <!-- jenkinsPractice.practice1 -->
