<?xml version="1.0" encoding="UTF-8"?>
<!-- Generated by org.testng.reporters.JUnitReportReporter -->
<testsuite hostname="DESKTOP-A2L4RGV" failures="0" tests="2" name="jenkinsPractice.practice" time="0.012" errors="0" timestamp="20 Dec 2022 07:42:59 GMT">
  <testcase classname="jenkinsPractice.practice" name="jenTest1" time="0.011"/>
  <testcase classname="jenkinsPractice.practice" name="jenTest2" time="0.001"/>
</testsuite> <!-- jenkinsPractice.practice -->
